<?xml version="1.0" encoding="UTF-8"?>
<!-- Generated by org.testng.reporters.JUnitXMLReporter -->
<testsuite ignored="0" hostname="AliAzferFamily" failures="0" tests="4" name="Test" time="45.674" errors="0" timestamp="2025-08-19T18:27:00 IST">
  <testcase classname="com.test.MultiTest" name="SelectDropDown" time="1.03"/>
  <testcase classname="com.test.MultiTest" name="AdvanceDropDown" time="4.294"/>
  <testcase classname="com.test.MultiFile" name="SelectDropDown" time="0.89"/>
  <testcase classname="com.test.MultiFile" name="AdvanceDropDown" time="4.223"/>
</testsuite> <!-- Test -->
