<?xml version="1.0" encoding="UTF-8"?>
<testng-results ignored="0" total="2" passed="2" failed="0" skipped="0">
  <reporter-output>
  </reporter-output>
  <suite started-at="2025-08-14T13:49:05 IST" name="Default suite" finished-at="2025-08-14T13:49:32 IST" duration-ms="26364">
    <groups>
    </groups>
    <test started-at="2025-08-14T13:49:05 IST" name="Default test" finished-at="2025-08-14T13:49:32 IST" duration-ms="26364">
      <class name="com.test.MultiFile">
        <test-method is-config="true" signature="Initalization()[pri:0, instance:com.test.MultiFile@75d4a5c2]" started-at="2025-08-14T13:49:05 IST" name="Initalization" finished-at="2025-08-14T13:49:22 IST" duration-ms="16395" status="PASS">
          <reporter-output>
          </reporter-output>
        </test-method> <!-- Initalization -->
        <test-method signature="SelectDropDown()[pri:1, instance:com.test.MultiFile@75d4a5c2]" started-at="2025-08-14T13:49:22 IST" name="SelectDropDown" finished-at="2025-08-14T13:49:25 IST" duration-ms="3344" status="PASS">
          <reporter-output>
          </reporter-output>
        </test-method> <!-- SelectDropDown -->
        <test-method signature="AdvanceDropDown()[pri:2, instance:com.test.MultiFile@75d4a5c2]" started-at="2025-08-14T13:49:25 IST" name="AdvanceDropDown" finished-at="2025-08-14T13:49:31 IST" duration-ms="5888" status="PASS">
          <reporter-output>
          </reporter-output>
        </test-method> <!-- AdvanceDropDown -->
        <test-method is-config="true" signature="CleanUp()[pri:0, instance:com.test.MultiFile@75d4a5c2]" started-at="2025-08-14T13:49:31 IST" name="CleanUp" finished-at="2025-08-14T13:49:32 IST" duration-ms="594" status="PASS">
          <reporter-output>
          </reporter-output>
        </test-method> <!-- CleanUp -->
      </class> <!-- com.test.MultiFile -->
    </test> <!-- Default test -->
  </suite> <!-- Default suite -->
</testng-results>
