<?xml version="1.0" encoding="UTF-8"?>
<testsuite xmlns:xsi="http://www.w3.org/2001/XMLSchema-instance" xsi:noNamespaceSchemaLocation="https://maven.apache.org/surefire/maven-surefire-plugin/xsd/surefire-test-report.xsd" version="3.0.1" name="TestSuite" time="46.42" tests="4" errors="0" skipped="0" failures="0">
  <properties>
[...]
</properties>
  <testcase name="SelectDropDown" classname="com.test.MultiTest" time="1.03">
    <system-out><![CDATA[Online Shopping site in India: Shop Online for Mobiles, Books, Watches, Shoes and More - Amazon.in
]]></system-out>
    <system-err><![CDATA[SLF4J(W): No SLF4J providers were found.
SLF4J(W): Defaulting to no-operation (NOP) logger implementation
SLF4J(W): See https://www.slf4j.org/codes.html#noProviders for further details.
Aug 19, 2025 6:26:21 PM org.openqa.selenium.devtools.CdpVersionFinder findNearestMatch
WARNING: Unable to find an exact match for CDP version 139, returning the closest version; found: 138; Please update to a Selenium version that supports CDP version 139
]]></system-err>
  </testcase>
  <testcase name="AdvanceDropDown" classname="com.test.MultiTest" time="4.295">
    <system-out><![CDATA[46
All Categories
Alexa Skills
Amazon Devices
Amazon Fashion
Amazon Fresh
Amazon Fresh Meat
Amazon Pharmacy
Appliances
Apps & Games
Audible Audiobooks
Baby
Beauty
Books
Car & Motorbike
Clothing & Accessories
Collectibles
Computers & Accessories
Deals
Electronics
Furniture
Garden & Outdoors
Gift Cards
Grocery & Gourmet Foods
Health & Personal Care
Home & Kitchen
Industrial & Scientific
Jewellery
Kindle Store
Luggage & Bags
Luxury Beauty
Movies & TV Shows
MP3 Music
Music
Musical Instruments
Office Products
Pet Supplies
Prime Video
Shoes & Handbags
Software
Sports, Fitness & Outdoors
Subscribe & Save
Tools & Home Improvement
Toys & Games
Under ₹500
Video Games
Watches
]]></system-out>
  </testcase>
  <testcase name="SelectDropDown" classname="com.test.MultiFile" time="0.888">
    <system-out><![CDATA[Online Shopping site in India: Shop Online for Mobiles, Books, Watches, Shoes and More - Amazon.in
]]></system-out>
    <system-err><![CDATA[Aug 19, 2025 6:26:41 PM org.openqa.selenium.devtools.CdpVersionFinder findNearestMatch
WARNING: Unable to find an exact match for CDP version 139, returning the closest version; found: 138; Please update to a Selenium version that supports CDP version 139
]]></system-err>
  </testcase>
  <testcase name="AdvanceDropDown" classname="com.test.MultiFile" time="4.221">
    <system-out><![CDATA[46
All Categories
Alexa Skills
Amazon Devices
Amazon Fashion
Amazon Fresh
Amazon Fresh Meat
Amazon Pharmacy
Appliances
Apps & Games
Audible Audiobooks
Baby
Beauty
Books
Car & Motorbike
Clothing & Accessories
Collectibles
Computers & Accessories
Deals
Electronics
Furniture
Garden & Outdoors
Gift Cards
Grocery & Gourmet Foods
Health & Personal Care
Home & Kitchen
Industrial & Scientific
Jewellery
Kindle Store
Luggage & Bags
Luxury Beauty
Movies & TV Shows
MP3 Music
Music
Musical Instruments
Office Products
Pet Supplies
Prime Video
Shoes & Handbags
Software
Sports, Fitness & Outdoors
Subscribe & Save
Tools & Home Improvement
Toys & Games
Under ₹500
Video Games
Watches
]]></system-out>
  </testcase>
</testsuite>